# JRE version: Java(TM) SE Runtime Environment (8.0_361) (build 1.8.0_361-b09)
# Java VM: Java HotSpot(TM) 64-Bit Server VM (25.361-b09 mixed mode windows-amd64 compressed oops)
Heap:
 PSYoungGen      total 76288K, used 1140K [0x00000000d5580000, 0x00000000daa80000, 0x0000000100000000)
  eden space 65536K, 1% used [0x00000000d5580000,0x00000000d569d280,0x00000000d9580000)
  from space 10752K, 0% used [0x00000000d9580000,0x00000000d9580000,0x00000000da000000)
  to   space 10752K, 0% used [0x00000000da000000,0x00000000da000000,0x00000000daa80000)
 ParOldGen       total 72192K, used 6438K [0x0000000080000000, 0x0000000084680000, 0x00000000d5580000)
  object space 72192K, 8% used [0x0000000080000000,0x0000000080649980,0x0000000084680000)
 Metaspace       used 15431K, capacity 16120K, committed 16256K, reserved 1062912K
  class space    used 2176K, capacity 2326K, committed 2432K, reserved 1048576K
GC Heap History (4 events):
Event: 18.492 GC heap before
{Heap before GC invocations=1 (full 0):
 PSYoungGen      total 76288K, used 65536K [0x00000000d5580000, 0x00000000daa80000, 0x0000000100000000)
  eden space 65536K, 100% used [0x00000000d5580000,0x00000000d9580000,0x00000000d9580000)
  from space 10752K, 0% used [0x00000000da000000,0x00000000da000000,0x00000000daa80000)
  to   space 10752K, 0% used [0x00000000d9580000,0x00000000d9580000,0x00000000da000000)
 ParOldGen       total 175104K, used 0K [0x0000000080000000, 0x000000008ab00000, 0x00000000d5580000)
  object space 175104K, 0% used [0x0000000080000000,0x0000000080000000,0x000000008ab00000)
 Metaspace       used 7722K, capacity 8024K, committed 8320K, reserved 1056768K
  class space    used 981K, capacity 1088K, committed 1152K, reserved 1048576K
Event: 18.500 GC heap after
Heap after GC invocations=1 (full 0):
 PSYoungGen      total 76288K, used 6169K [0x00000000d5580000, 0x00000000daa80000, 0x0000000100000000)
  eden space 65536K, 0% used [0x00000000d5580000,0x00000000d5580000,0x00000000d9580000)
  from space 10752K, 57% used [0x00000000d9580000,0x00000000d9b86610,0x00000000da000000)
  to   space 10752K, 0% used [0x00000000da000000,0x00000000da000000,0x00000000daa80000)
 ParOldGen       total 175104K, used 16K [0x0000000080000000, 0x000000008ab00000, 0x00000000d5580000)
  object space 175104K, 0% used [0x0000000080000000,0x0000000080004000,0x000000008ab00000)
 Metaspace       used 7722K, capacity 8024K, committed 8320K, reserved 1056768K
  class space    used 981K, capacity 1088K, committed 1152K, reserved 1048576K
}
Event: 41.789 GC heap before
{Heap before GC invocations=2 (full 0):
 PSYoungGen      total 76288K, used 71705K [0x00000000d5580000, 0x00000000daa80000, 0x0000000100000000)
  eden space 65536K, 100% used [0x00000000d5580000,0x00000000d9580000,0x00000000d9580000)
  from space 10752K, 57% used [0x00000000d9580000,0x00000000d9b86610,0x00000000da000000)
  to   space 10752K, 0% used [0x00000000da000000,0x00000000da000000,0x00000000daa80000)
 ParOldGen       total 175104K, used 16K [0x0000000080000000, 0x000000008ab00000, 0x00000000d5580000)
  object space 175104K, 0% used [0x0000000080000000,0x0000000080004000,0x000000008ab00000)
 Metaspace       used 14207K, capacity 14670K, committed 14976K, reserved 1062912K
  class space    used 1957K, capacity 2067K, committed 2176K, reserved 1048576K
Event: 41.862 GC heap after
Heap after GC invocations=2 (full 0):
 PSYoungGen      total 76288K, used 9392K [0x00000000d5580000, 0x00000000daa80000, 0x0000000100000000)
  eden space 65536K, 0% used [0x00000000d5580000,0x00000000d5580000,0x00000000d9580000)
  from space 10752K, 87% used [0x00000000da000000,0x00000000da92c030,0x00000000daa80000)
  to   space 10752K, 0% used [0x00000000d9580000,0x00000000d9580000,0x00000000da000000)
 ParOldGen       total 175104K, used 24K [0x0000000080000000, 0x000000008ab00000, 0x00000000d5580000)
  object space 175104K, 0% used [0x0000000080000000,0x0000000080006000,0x000000008ab00000)
 Metaspace       used 14207K, capacity 14670K, committed 14976K, reserved 1062912K
  class space    used 1957K, capacity 2067K, committed 2176K, reserved 1048576K
}

